<?xml version="1.0" encoding="UTF-8"?>
<!-- Generated by org.testng.reporters.JUnitXMLReporter -->
<testsuite hostname="DESKTOP-IA0DLJF" name="Regression 1" tests="2" failures="2" timestamp="11 Feb 2019 10:51:33 GMT" time="74.29" errors="0">
  <testcase name="@AfterMethod tearDown" time="0.0" classname="com.pulse.Test.AddParticipant">
    <failure type="java.lang.NullPointerException">
      <![CDATA[java.lang.NullPointerException
	at generic.BaseTest.tearDown(BaseTest.java:378)
	at java.util.concurrent.ThreadPoolExecutor.runWorker(Unknown Source)
	at java.util.concurrent.ThreadPoolExecutor$Worker.run(Unknown Source)
	at java.lang.Thread.run(Unknown Source)
... Removed 12 stack frames]]>
    </failure>
  </testcase> <!-- @AfterMethod tearDown -->
  <testcase name="@AfterClass afterClass" time="0.0" classname="com.pulse.Test.AddParticipant">
    <skipped/>
  </testcase> <!-- @AfterClass afterClass -->
  <testcase name="@AfterMethod tearDown" time="0.0" classname="com.pulse.Test.ValidLogin">
    <skipped/>
  </testcase> <!-- @AfterMethod tearDown -->
  <testcase name="@AfterClass afterClass" time="0.0" classname="com.pulse.Test.ValidLogin">
    <skipped/>
  </testcase> <!-- @AfterClass afterClass -->
  <testcase name="addparticipant" time="51.772" classname="com.pulse.Test.AddParticipant">
    <failure type="java.lang.NullPointerException">
      <![CDATA[java.lang.NullPointerException
	at com.pulse.Test.AddParticipant.addparticipant(AddParticipant.java:74)
	at java.util.concurrent.ThreadPoolExecutor.runWorker(Unknown Source)
	at java.util.concurrent.ThreadPoolExecutor$Worker.run(Unknown Source)
	at java.lang.Thread.run(Unknown Source)
... Removed 10 stack frames]]>
    </failure>
  </testcase> <!-- addparticipant -->
  <testcase name="testValidLogin1" time="68.479" classname="com.pulse.Test.ValidLogin">
    <failure type="java.lang.NullPointerException">
      <![CDATA[java.lang.NullPointerException
	at com.pulse.Test.ValidLogin.testValidLogin1(ValidLogin.java:83)
	at java.util.concurrent.ThreadPoolExecutor.runWorker(Unknown Source)
	at java.util.concurrent.ThreadPoolExecutor$Worker.run(Unknown Source)
	at java.lang.Thread.run(Unknown Source)
... Removed 10 stack frames]]>
    </failure>
  </testcase> <!-- testValidLogin1 -->
</testsuite> <!-- Regression 1 -->
