<?xml version="1.0" encoding="UTF-8"?>
<testng-results skipped="0" failed="0" total="2" passed="2">
  <reporter-output>
    <line>
      <![CDATA[ExtentWithParallelClasses Class Started...]]>
    </line>
    <line>
      <![CDATA[testToolTip Test Started...]]>
    </line>
    <line>
      <![CDATA[testToolTipTest Passed...]]>
    </line>
    <line>
      <![CDATA[testValidLogin1 Test Started...]]>
    </line>
    <line>
      <![CDATA[testValidLogin1Test Passed...]]>
    </line>
  </reporter-output>
  <suite name="Extent Parallel Test" duration-ms="218323" started-at="2019-02-13T12:04:39Z" finished-at="2019-02-13T12:08:17Z">
    <groups>
    </groups>
    <test name="ExtentWithParallelClasses" duration-ms="218323" started-at="2019-02-13T12:04:39Z" finished-at="2019-02-13T12:08:17Z">
      <class name="com.pulse.Test.ValidLogin">
        <test-method status="PASS" signature="beforeSuite()[pri:0, instance:com.pulse.Test.ValidLogin@24569dba]" name="beforeSuite" is-config="true" duration-ms="172" started-at="2019-02-13T07:04:39Z" finished-at="2019-02-13T07:04:39Z">
          <reporter-output>
          </reporter-output>
        </test-method> <!-- beforeSuite -->
        <test-method status="PASS" signature="beforeClass(org.testng.xml.XmlTest)[pri:0, instance:com.pulse.Test.ValidLogin@24569dba]" name="beforeClass" is-config="true" duration-ms="0" started-at="2019-02-13T07:04:39Z" finished-at="2019-02-13T07:04:39Z">
          <params>
            <param index="0">
              <value>
                <![CDATA[[Test: "ExtentWithParallelClasses" verbose:1[parameters:browser=>chrome][metagroups:] [included: ][excluded: ]  classes:[XmlClass class=com.pulse.Test.ValidLogin]  packages:] ]]>
              </value>
            </param>
          </params>
          <reporter-output>
          </reporter-output>
        </test-method> <!-- beforeClass -->
        <test-method status="PASS" signature="setUp(java.lang.reflect.Method, java.lang.String)[pri:0, instance:com.pulse.Test.ValidLogin@24569dba]" name="setUp" is-config="true" duration-ms="4750" started-at="2019-02-13T07:04:39Z" finished-at="2019-02-13T07:04:44Z">
          <params>
            <param index="0">
              <value>
                <![CDATA[public void com.pulse.Test.ValidLogin.testToolTip(java.lang.reflect.Method) throws java.lang.Exception]]>
              </value>
            </param>
            <param index="1">
              <value>
                <![CDATA[chrome]]>
              </value>
            </param>
          </params>
          <reporter-output>
          </reporter-output>
        </test-method> <!-- setUp -->
        <test-method status="PASS" signature="testToolTip(java.lang.reflect.Method)[pri:0, instance:com.pulse.Test.ValidLogin@24569dba]" name="testToolTip" duration-ms="50791" started-at="2019-02-13T07:04:44Z" description="This test case is to verify that the firstname and lastname is entered." finished-at="2019-02-13T07:05:34Z">
          <params>
            <param index="0">
              <value>
                <![CDATA[public void com.pulse.Test.ValidLogin.testToolTip(java.lang.reflect.Method) throws java.lang.Exception]]>
              </value>
            </param>
          </params>
          <reporter-output>
            <line>
              <![CDATA[testToolTipTest Passed...]]>
            </line>
          </reporter-output>
        </test-method> <!-- testToolTip -->
        <test-method status="PASS" signature="tearDown(org.testng.ITestResult)[pri:0, instance:com.pulse.Test.ValidLogin@24569dba]" name="tearDown" is-config="true" duration-ms="519" started-at="2019-02-13T07:05:34Z" finished-at="2019-02-13T07:05:35Z">
          <params>
            <param index="0">
              <value>
                <![CDATA[[TestResult name=testToolTip status=SUCCESS method=ValidLogin.testToolTip(java.lang.reflect.Method)[pri:0, instance:com.pulse.Test.ValidLogin@24569dba] output=testToolTipTest Passed...]]]>
              </value>
            </param>
          </params>
          <reporter-output>
          </reporter-output>
        </test-method> <!-- tearDown -->
        <test-method status="PASS" signature="setUp(java.lang.reflect.Method, java.lang.String)[pri:0, instance:com.pulse.Test.ValidLogin@24569dba]" name="setUp" is-config="true" duration-ms="3291" started-at="2019-02-13T07:05:35Z" finished-at="2019-02-13T07:05:38Z">
          <params>
            <param index="0">
              <value>
                <![CDATA[public void com.pulse.Test.ValidLogin.testValidLogin1(java.lang.reflect.Method) throws java.lang.Exception]]>
              </value>
            </param>
            <param index="1">
              <value>
                <![CDATA[chrome]]>
              </value>
            </param>
          </params>
          <reporter-output>
          </reporter-output>
        </test-method> <!-- setUp -->
        <test-method status="PASS" signature="testValidLogin1(java.lang.reflect.Method)[pri:0, instance:com.pulse.Test.ValidLogin@24569dba]" name="testValidLogin1" duration-ms="157786" started-at="2019-02-13T07:05:38Z" description="This test case is to verify that the firstname and lastname is entered." finished-at="2019-02-13T07:08:16Z">
          <params>
            <param index="0">
              <value>
                <![CDATA[public void com.pulse.Test.ValidLogin.testValidLogin1(java.lang.reflect.Method) throws java.lang.Exception]]>
              </value>
            </param>
          </params>
          <reporter-output>
            <line>
              <![CDATA[testValidLogin1Test Passed...]]>
            </line>
          </reporter-output>
        </test-method> <!-- testValidLogin1 -->
        <test-method status="PASS" signature="tearDown(org.testng.ITestResult)[pri:0, instance:com.pulse.Test.ValidLogin@24569dba]" name="tearDown" is-config="true" duration-ms="78" started-at="2019-02-13T07:08:16Z" finished-at="2019-02-13T07:08:16Z">
          <params>
            <param index="0">
              <value>
                <![CDATA[[TestResult name=testValidLogin1 status=SUCCESS method=ValidLogin.testValidLogin1(java.lang.reflect.Method)[pri:0, instance:com.pulse.Test.ValidLogin@24569dba] output=testValidLogin1Test Passed...]]]>
              </value>
            </param>
          </params>
          <reporter-output>
          </reporter-output>
        </test-method> <!-- tearDown -->
        <test-method status="PASS" signature="afterClass()[pri:0, instance:com.pulse.Test.ValidLogin@24569dba]" name="afterClass" is-config="true" duration-ms="1026" started-at="2019-02-13T07:08:16Z" finished-at="2019-02-13T07:08:17Z">
          <reporter-output>
          </reporter-output>
        </test-method> <!-- afterClass -->
        <test-method status="PASS" signature="testDown()[pri:0, instance:com.pulse.Test.ValidLogin@24569dba]" name="testDown" is-config="true" duration-ms="0" started-at="2019-02-13T07:08:17Z" finished-at="2019-02-13T07:08:17Z">
          <reporter-output>
          </reporter-output>
        </test-method> <!-- testDown -->
      </class> <!-- com.pulse.Test.ValidLogin -->
    </test> <!-- ExtentWithParallelClasses -->
  </suite> <!-- Extent Parallel Test -->
</testng-results>
